<?xml version="1.0" encoding="UTF-8"?>
<!-- Generated by org.testng.reporters.JUnitReportReporter -->
<testsuite hostname="Rickey-PC" name="com.JanardhanRandhi.testZimbra" tests="1" failures="0" timestamp="19 Jul 2016 15:48:40 GMT" time="19.057" errors="0">
  <testcase name="testingZimbra" time="19.057" classname="com.JanardhanRandhi.testZimbra"/>
</testsuite> <!-- com.JanardhanRandhi.testZimbra -->
